TN:
SF:src\class\Bowman.js
FN:4,(anonymous_0)
FNF:1
FNH:1
FNDA:1,(anonymous_0)
DA:5,1
DA:6,1
DA:7,1
LF:3
LH:3
BRF:0
BRH:0
end_of_record
TN:
SF:src\class\Daemon.js
FN:3,(anonymous_0)
FNF:1
FNH:1
FNDA:1,(anonymous_0)
DA:4,1
DA:5,1
DA:6,1
LF:3
LH:3
BRF:0
BRH:0
end_of_record
TN:
SF:src\class\Magician.js
FN:3,(anonymous_0)
FNF:1
FNH:1
FNDA:1,(anonymous_0)
DA:4,1
DA:5,1
DA:6,1
LF:3
LH:3
BRF:0
BRH:0
end_of_record
TN:
SF:src\class\Swordsman.js
FN:3,(anonymous_0)
FNF:1
FNH:1
FNDA:1,(anonymous_0)
DA:4,1
DA:5,1
DA:6,1
LF:3
LH:3
BRF:0
BRH:0
end_of_record
TN:
SF:src\class\Undead.js
FN:3,(anonymous_0)
FNF:1
FNH:1
FNDA:1,(anonymous_0)
DA:4,1
DA:5,1
DA:6,1
LF:3
LH:3
BRF:0
BRH:0
end_of_record
TN:
SF:src\class\Zombie.js
FN:3,(anonymous_0)
FNF:1
FNH:1
FNDA:1,(anonymous_0)
DA:4,1
DA:5,1
DA:6,1
LF:3
LH:3
BRF:0
BRH:0
end_of_record
TN:
SF:src\configCharacter\CharacterClass.js
FN:3,(anonymous_0)
FN:22,(anonymous_1)
FN:33,(anonymous_2)
FNF:3
FNH:3
FNDA:16,(anonymous_0)
FNDA:7,(anonymous_1)
FNDA:9,(anonymous_2)
DA:4,16
DA:5,16
DA:6,16
DA:7,16
DA:8,16
DA:9,16
DA:11,16
DA:12,1
DA:15,15
DA:17,15
DA:18,1
DA:23,7
DA:24,1
DA:27,6
DA:28,6
DA:29,6
DA:30,6
DA:34,9
DA:36,9
DA:37,1
LF:20
LH:20
BRDA:11,0,0,1
BRDA:11,0,1,15
BRDA:11,1,0,16
BRDA:11,1,1,15
BRDA:17,2,0,1
BRDA:17,2,1,14
BRDA:23,3,0,1
BRDA:23,3,1,6
BRDA:36,4,0,1
BRDA:36,4,1,8
BRF:10
BRH:10
end_of_record
